2023/12/23 03:13:31 [emerg] 1#1: host not found in upstream "php_7" in /etc/nginx/conf.d/nginx.conf:15
2023/12/23 03:17:11 [notice] 1#1: using the "epoll" event method
2023/12/23 03:17:11 [notice] 1#1: nginx/1.25.3
2023/12/23 03:17:11 [notice] 1#1: built by gcc 12.2.0 (Debian 12.2.0-14) 
2023/12/23 03:17:11 [notice] 1#1: OS: Linux 5.15.0-91-generic
2023/12/23 03:17:11 [notice] 1#1: getrlimit(RLIMIT_NOFILE): 1048576:1048576
2023/12/23 03:17:11 [notice] 1#1: start worker processes
2023/12/23 03:17:11 [notice] 1#1: start worker process 21
2023/12/23 03:17:11 [notice] 1#1: start worker process 22
2023/12/23 03:17:11 [notice] 1#1: start worker process 23
2023/12/23 03:17:11 [notice] 1#1: start worker process 24
2023/12/23 03:19:34 [notice] 1#1: signal 3 (SIGQUIT) received, shutting down
2023/12/23 03:19:34 [notice] 24#24: gracefully shutting down
2023/12/23 03:19:34 [notice] 21#21: gracefully shutting down
2023/12/23 03:19:34 [notice] 22#22: gracefully shutting down
2023/12/23 03:19:34 [notice] 21#21: exiting
2023/12/23 03:19:34 [notice] 24#24: exiting
2023/12/23 03:19:34 [notice] 21#21: exit
2023/12/23 03:19:34 [notice] 24#24: exit
2023/12/23 03:19:34 [notice] 22#22: exiting
2023/12/23 03:19:34 [notice] 22#22: exit
2023/12/23 03:19:34 [notice] 23#23: gracefully shutting down
2023/12/23 03:19:34 [notice] 23#23: exiting
2023/12/23 03:19:34 [notice] 23#23: exit
2023/12/23 03:19:34 [notice] 1#1: signal 17 (SIGCHLD) received from 24
2023/12/23 03:19:34 [notice] 1#1: worker process 24 exited with code 0
2023/12/23 03:19:34 [notice] 1#1: signal 29 (SIGIO) received
2023/12/23 03:19:34 [notice] 1#1: signal 17 (SIGCHLD) received from 23
2023/12/23 03:19:34 [notice] 1#1: worker process 23 exited with code 0
2023/12/23 03:19:34 [notice] 1#1: signal 29 (SIGIO) received
2023/12/23 03:19:34 [notice] 1#1: signal 17 (SIGCHLD) received from 22
2023/12/23 03:19:34 [notice] 1#1: worker process 22 exited with code 0
2023/12/23 03:19:34 [notice] 1#1: signal 29 (SIGIO) received
2023/12/23 03:19:34 [notice] 1#1: signal 17 (SIGCHLD) received from 21
2023/12/23 03:19:34 [notice] 1#1: worker process 21 exited with code 0
2023/12/23 03:19:34 [notice] 1#1: exit
2023/12/23 03:20:57 [notice] 1#1: using the "epoll" event method
2023/12/23 03:20:57 [notice] 1#1: nginx/1.25.3
2023/12/23 03:20:57 [notice] 1#1: built by gcc 12.2.0 (Debian 12.2.0-14) 
2023/12/23 03:20:57 [notice] 1#1: OS: Linux 5.15.0-91-generic
2023/12/23 03:20:57 [notice] 1#1: getrlimit(RLIMIT_NOFILE): 1048576:1048576
2023/12/23 03:20:57 [notice] 1#1: start worker processes
2023/12/23 03:20:57 [notice] 1#1: start worker process 21
2023/12/23 03:20:57 [notice] 1#1: start worker process 22
2023/12/23 03:20:57 [notice] 1#1: start worker process 23
2023/12/23 03:20:57 [notice] 1#1: start worker process 24
2023/12/23 03:38:06 [error] 22#22: *1 FastCGI sent in stderr: "Primary script unknown" while reading response header from upstream, client: 172.26.0.1, server: localhost, request: "GET / HTTP/1.0", upstream: "fastcgi://172.26.0.3:9000", host: "pypip.id"
2023/12/23 03:40:43 [error] 21#21: *3 FastCGI sent in stderr: "Primary script unknown" while reading response header from upstream, client: 172.26.0.1, server: localhost, request: "GET / HTTP/1.1", upstream: "fastcgi://172.26.0.3:9000", host: "localhost:8080"
2023/12/23 03:44:28 [error] 24#24: *5 FastCGI sent in stderr: "Primary script unknown" while reading response header from upstream, client: 172.26.0.1, server: localhost, request: "GET / HTTP/1.1", upstream: "fastcgi://172.26.0.3:9000", host: "localhost:8080"
2023/12/23 06:00:42 [error] 23#23: *94 FastCGI sent in stderr: "Primary script unknown" while reading response header from upstream, client: 172.26.0.1, server: localhost, request: "POST /xmlrpc.php HTTP/1.0", upstream: "fastcgi://172.26.0.3:9000", host: "pypip.id"
2023/12/23 06:01:34 [error] 23#23: *96 FastCGI sent in stderr: "Primary script unknown" while reading response header from upstream, client: 172.26.0.1, server: localhost, request: "POST /xmlrpc.php HTTP/1.0", upstream: "fastcgi://172.26.0.3:9000", host: "pypip.id"
2023/12/23 06:05:19 [error] 23#23: *104 FastCGI sent in stderr: "Primary script unknown" while reading response header from upstream, client: 172.26.0.1, server: localhost, request: "POST /xmlrpc.php HTTP/1.0", upstream: "fastcgi://172.26.0.3:9000", host: "pypip.id"
2023/12/23 06:06:12 [error] 23#23: *106 FastCGI sent in stderr: "Primary script unknown" while reading response header from upstream, client: 172.26.0.1, server: localhost, request: "POST /xmlrpc.php HTTP/1.0", upstream: "fastcgi://172.26.0.3:9000", host: "pypip.id"
2023/12/23 06:10:03 [error] 23#23: *108 FastCGI sent in stderr: "Primary script unknown" while reading response header from upstream, client: 172.26.0.1, server: localhost, request: "POST /xmlrpc.php HTTP/1.0", upstream: "fastcgi://172.26.0.3:9000", host: "pypip.id"
2023/12/23 06:18:45 [notice] 1#1: using the "epoll" event method
2023/12/23 06:18:45 [notice] 1#1: nginx/1.25.3
2023/12/23 06:18:45 [notice] 1#1: built by gcc 12.2.0 (Debian 12.2.0-14) 
2023/12/23 06:18:45 [notice] 1#1: OS: Linux 5.15.0-91-generic
2023/12/23 06:18:45 [notice] 1#1: getrlimit(RLIMIT_NOFILE): 1048576:1048576
2023/12/23 06:18:45 [notice] 1#1: start worker processes
2023/12/23 06:18:45 [notice] 1#1: start worker process 20
2023/12/23 06:18:45 [notice] 1#1: start worker process 21
2023/12/23 06:18:45 [notice] 1#1: start worker process 22
2023/12/23 06:18:45 [notice] 1#1: start worker process 23
2023/12/23 06:32:15 [notice] 1#1: signal 3 (SIGQUIT) received, shutting down
2023/12/23 06:32:15 [notice] 23#23: gracefully shutting down
2023/12/23 06:32:15 [notice] 22#22: gracefully shutting down
2023/12/23 06:32:15 [notice] 20#20: gracefully shutting down
2023/12/23 06:32:15 [notice] 21#21: gracefully shutting down
2023/12/23 06:32:15 [notice] 23#23: exiting
2023/12/23 06:32:15 [notice] 22#22: exiting
2023/12/23 06:32:15 [notice] 21#21: exiting
2023/12/23 06:32:15 [notice] 20#20: exiting
2023/12/23 06:32:15 [notice] 23#23: exit
2023/12/23 06:32:15 [notice] 22#22: exit
2023/12/23 06:32:15 [notice] 21#21: exit
2023/12/23 06:32:15 [notice] 20#20: exit
2023/12/23 06:32:15 [notice] 1#1: signal 17 (SIGCHLD) received from 21
2023/12/23 06:32:15 [notice] 1#1: worker process 21 exited with code 0
2023/12/23 06:32:15 [notice] 1#1: worker process 22 exited with code 0
2023/12/23 06:32:15 [notice] 1#1: signal 29 (SIGIO) received
2023/12/23 06:32:15 [notice] 1#1: signal 17 (SIGCHLD) received from 23
2023/12/23 06:32:15 [notice] 1#1: worker process 20 exited with code 0
2023/12/23 06:32:15 [notice] 1#1: worker process 23 exited with code 0
2023/12/23 06:32:15 [notice] 1#1: exit
2023/12/23 06:33:20 [notice] 1#1: using the "epoll" event method
2023/12/23 06:33:20 [notice] 1#1: nginx/1.25.3
2023/12/23 06:33:20 [notice] 1#1: built by gcc 12.2.0 (Debian 12.2.0-14) 
2023/12/23 06:33:20 [notice] 1#1: OS: Linux 5.15.0-91-generic
2023/12/23 06:33:20 [notice] 1#1: getrlimit(RLIMIT_NOFILE): 1048576:1048576
2023/12/23 06:33:20 [notice] 1#1: start worker processes
2023/12/23 06:33:20 [notice] 1#1: start worker process 20
2023/12/23 06:33:20 [notice] 1#1: start worker process 21
2023/12/23 06:33:20 [notice] 1#1: start worker process 22
2023/12/23 06:33:20 [notice] 1#1: start worker process 23
